Using pre-set license
Built from '2020.2/staging' branch; Version is '2020.2.6f1 (8a2143876886) revision 9052483'; Using compiler version '192528614'; Build Type 'Release'
OS: 'Windows 10 Pro; OS build 18363.1379; Version 1909; 64bit' Language: 'ru' Physical Memory: 8174 MB
BatchMode: 1, IsHumanControllingUs: 0, StartBugReporterOnCrash: 0, Is64bit: 1, IsPro: 0

 COMMAND LINE ARGUMENTS:
C:\Program Files\Unity\Hub\Editor\2020.2.6f1\Editor\Unity.exe
-adb2
-batchMode
-noUpm
-name
AssetImportWorker0
-projectPath
E:/Skachanoe/Soul Life
-logFile
Logs/AssetImportWorker0.log
-srvPort
56683
Successfully changed project path to: E:/Skachanoe/Soul Life
E:/Skachanoe/Soul Life
Using Asset Import Pipeline V2.
Refreshing native plugins compatible for Editor in 62.32 ms, found 0 plugins.
Preloading 0 native plugins for Editor in 0.00 ms.
Initialize engine version: 2020.2.6f1 (8a2143876886)
[Subsystems] Discovering subsystems at path C:/Program Files/Unity/Hub/Editor/2020.2.6f1/Editor/Data/Resources/UnitySubsystems
[Subsystems] Discovering subsystems at path E:/Skachanoe/Soul Life/Assets
GfxDevice: creating device client; threaded=0
Direct3D:
    Version:  Direct3D 11.0 [level 11.0]
    Renderer: NVIDIA GeForce GTX 570 (ID=0x1081)
    Vendor:   
    VRAM:     1224 MB
    Driver:   23.21.13.9135
Initialize mono
Mono path[0] = 'C:/Program Files/Unity/Hub/Editor/2020.2.6f1/Editor/Data/Managed'
Mono path[1] = 'C:/Program Files/Unity/Hub/Editor/2020.2.6f1/Editor/Data/MonoBleedingEdge/lib/mono/unityjit'
Mono config path = 'C:/Program Files/Unity/Hub/Editor/2020.2.6f1/Editor/Data/MonoBleedingEdge/etc'
Using monoOptions --debugger-agent=transport=dt_socket,embedding=1,server=y,suspend=n,address=127.0.0.1:56776
Begin MonoManager ReloadAssembly
Registering precompiled unity dll's ...
Register platform support module: C:/Program Files/Unity/Hub/Editor/2020.2.6f1/Editor/Data/PlaybackEngines/WindowsStandaloneSupport/UnityEditor.WindowsStandalone.Extensions.dll
Registered in 0.003452 seconds.
Native extension for WindowsStandalone target not found
Refreshing native plugins compatible for Editor in 53.63 ms, found 0 plugins.
Preloading 0 native plugins for Editor in 0.00 ms.
Invoked RoslynAnalysisRunner static constructor.
RoslynAnalysisRunner will not be running.
RoslynAnalysisRunner has terminated.
Mono: successfully reloaded assembly
- Completed reload, in  2.182 seconds
Platform modules already initialized, skipping
Registering precompiled user dll's ...
Registered in 0.000947 seconds.
Begin MonoManager ReloadAssembly
Native extension for WindowsStandalone target not found
Refreshing native plugins compatible for Editor in 0.47 ms, found 0 plugins.
Preloading 0 native plugins for Editor in 0.00 ms.
Invoked RoslynAnalysisRunner static constructor.
RoslynAnalysisRunner will not be running.
RoslynAnalysisRunner has terminated.
Mono: successfully reloaded assembly
- Completed reload, in  2.492 seconds
Platform modules already initialized, skipping
========================================================================
Worker process is ready to serve import requests
Launched and connected shader compiler UnityShaderCompiler.exe after 0.18 seconds
Refreshing native plugins compatible for Editor in 0.33 ms, found 0 plugins.
Preloading 0 native plugins for Editor in 0.00 ms.
Unloading 1266 Unused Serialized files (Serialized files now loaded: 0)
System memory in use before: 63.8 MB.
System memory in use after: 63.9 MB.

Unloading 10 unused Assets to reduce memory usage. Loaded Objects now: 1709.
Total: 5.364600 ms (FindLiveObjects: 0.262800 ms CreateObjectMapping: 0.069000 ms MarkObjects: 4.892900 ms  DeleteObjects: 0.137200 ms)

========================================================================
Received Import Request.
  path: Assets/Scripts/PlayerMotor.cs
  artifactKey: Guid(0cf7a95b84f593642a78ae8b6837c209) Importer(815301076,1909f56bfc062723c751e8b465ee728b)
Start importing Assets/Scripts/PlayerMotor.cs using Guid(0cf7a95b84f593642a78ae8b6837c209) Importer(815301076,1909f56bfc062723c751e8b465ee728b)  -> (artifact id: '90d24b7bf0f94598d8a5d829682354b8') in 0.079644 seconds
  Import took 0.115455 seconds .

========================================================================
Received Prepare
Registering precompiled user dll's ...
Registered in 0.000914 seconds.
Begin MonoManager ReloadAssembly
Native extension for WindowsStandalone target not found
Refreshing native plugins compatible for Editor in 0.37 ms, found 0 plugins.
Preloading 0 native plugins for Editor in 0.00 ms.
Invoked RoslynAnalysisRunner static constructor.
RoslynAnalysisRunner will not be running.
RoslynAnalysisRunner has terminated.
Mono: successfully reloaded assembly
- Completed reload, in  1.329 seconds
Platform modules already initialized, skipping
Refreshing native plugins compatible for Editor in 0.43 ms, found 0 plugins.
Preloading 0 native plugins for Editor in 0.00 ms.
Unloading 1248 Unused Serialized files (Serialized files now loaded: 0)
System memory in use before: 62.8 MB.
System memory in use after: 62.9 MB.

Unloading 5 unused Assets to reduce memory usage. Loaded Objects now: 1712.
Total: 2.358700 ms (FindLiveObjects: 0.264100 ms CreateObjectMapping: 0.079800 ms MarkObjects: 1.990000 ms  DeleteObjects: 0.022700 ms)

========================================================================
Received Prepare
Registering precompiled user dll's ...
Registered in 0.000980 seconds.
Begin MonoManager ReloadAssembly
Native extension for WindowsStandalone target not found
Refreshing native plugins compatible for Editor in 0.49 ms, found 0 plugins.
Preloading 0 native plugins for Editor in 0.00 ms.
Invoked RoslynAnalysisRunner static constructor.
RoslynAnalysisRunner will not be running.
RoslynAnalysisRunner has terminated.
Mono: successfully reloaded assembly
- Completed reload, in  1.423 seconds
Platform modules already initialized, skipping
Refreshing native plugins compatible for Editor in 0.36 ms, found 0 plugins.
Preloading 0 native plugins for Editor in 0.00 ms.
Unloading 1247 Unused Serialized files (Serialized files now loaded: 0)
System memory in use before: 62.8 MB.
System memory in use after: 62.9 MB.

Unloading 5 unused Assets to reduce memory usage. Loaded Objects now: 1714.
Total: 3.251500 ms (FindLiveObjects: 0.159400 ms CreateObjectMapping: 0.054300 ms MarkObjects: 3.006500 ms  DeleteObjects: 0.028900 ms)

========================================================================
Received Prepare
Registering precompiled user dll's ...
Registered in 0.000886 seconds.
Begin MonoManager ReloadAssembly
Native extension for WindowsStandalone target not found
Refreshing native plugins compatible for Editor in 0.37 ms, found 0 plugins.
Preloading 0 native plugins for Editor in 0.00 ms.
Invoked RoslynAnalysisRunner static constructor.
RoslynAnalysisRunner will not be running.
RoslynAnalysisRunner has terminated.
Mono: successfully reloaded assembly
- Completed reload, in  1.299 seconds
Platform modules already initialized, skipping
Refreshing native plugins compatible for Editor in 0.34 ms, found 0 plugins.
Preloading 0 native plugins for Editor in 0.00 ms.
Unloading 1247 Unused Serialized files (Serialized files now loaded: 0)
System memory in use before: 62.8 MB.
System memory in use after: 62.9 MB.

Unloading 5 unused Assets to reduce memory usage. Loaded Objects now: 1716.
Total: 2.700500 ms (FindLiveObjects: 0.259500 ms CreateObjectMapping: 0.070300 ms MarkObjects: 2.345600 ms  DeleteObjects: 0.022800 ms)

========================================================================
Received Import Request.
  Time since last request: 738.757592 seconds.
  path: Assets/Scenes/Menu.unity
  artifactKey: Guid(2dded1b268b099944919745fd37337f9) Importer(815301076,1909f56bfc062723c751e8b465ee728b)
Start importing Assets/Scenes/Menu.unity using Guid(2dded1b268b099944919745fd37337f9) Importer(815301076,1909f56bfc062723c751e8b465ee728b)  -> (artifact id: '3277f764d84205fc32a0acb9991c416e') in 0.043109 seconds
  Import took 0.059953 seconds .

========================================================================
Received Prepare
Registering precompiled user dll's ...
Registered in 0.000873 seconds.
Begin MonoManager ReloadAssembly
Native extension for WindowsStandalone target not found
Refreshing native plugins compatible for Editor in 0.89 ms, found 0 plugins.
Preloading 0 native plugins for Editor in 0.00 ms.
Invoked RoslynAnalysisRunner static constructor.
RoslynAnalysisRunner will not be running.
RoslynAnalysisRunner has terminated.
Mono: successfully reloaded assembly
- Completed reload, in  1.268 seconds
Platform modules already initialized, skipping
Refreshing native plugins compatible for Editor in 0.36 ms, found 0 plugins.
Preloading 0 native plugins for Editor in 0.00 ms.
Unloading 1247 Unused Serialized files (Serialized files now loaded: 0)
System memory in use before: 62.8 MB.
System memory in use after: 62.9 MB.

Unloading 5 unused Assets to reduce memory usage. Loaded Objects now: 1718.
Total: 2.225900 ms (FindLiveObjects: 0.229300 ms CreateObjectMapping: 0.062400 ms MarkObjects: 1.911500 ms  DeleteObjects: 0.020800 ms)

========================================================================
Received Prepare
Registering precompiled user dll's ...
Registered in 0.001425 seconds.
Begin MonoManager ReloadAssembly
Native extension for WindowsStandalone target not found
Refreshing native plugins compatible for Editor in 0.36 ms, found 0 plugins.
Preloading 0 native plugins for Editor in 0.00 ms.
Invoked RoslynAnalysisRunner static constructor.
RoslynAnalysisRunner will not be running.
RoslynAnalysisRunner has terminated.
Mono: successfully reloaded assembly
- Completed reload, in  2.001 seconds
Platform modules already initialized, skipping
Refreshing native plugins compatible for Editor in 0.36 ms, found 0 plugins.
Preloading 0 native plugins for Editor in 0.00 ms.
Unloading 1247 Unused Serialized files (Serialized files now loaded: 0)
System memory in use before: 62.9 MB.
System memory in use after: 62.9 MB.

Unloading 5 unused Assets to reduce memory usage. Loaded Objects now: 1720.
Total: 3.088500 ms (FindLiveObjects: 0.159700 ms CreateObjectMapping: 0.053400 ms MarkObjects: 2.849700 ms  DeleteObjects: 0.023200 ms)

========================================================================
Received Prepare
Registering precompiled user dll's ...
Registered in 0.000880 seconds.
Begin MonoManager ReloadAssembly
Native extension for WindowsStandalone target not found
Refreshing native plugins compatible for Editor in 0.83 ms, found 0 plugins.
Preloading 0 native plugins for Editor in 0.00 ms.
Invoked RoslynAnalysisRunner static constructor.
RoslynAnalysisRunner will not be running.
RoslynAnalysisRunner has terminated.
Mono: successfully reloaded assembly
- Completed reload, in  2.141 seconds
Platform modules already initialized, skipping
Refreshing native plugins compatible for Editor in 0.34 ms, found 0 plugins.
Preloading 0 native plugins for Editor in 0.00 ms.
Unloading 1247 Unused Serialized files (Serialized files now loaded: 0)
System memory in use before: 62.9 MB.
System memory in use after: 63.0 MB.

Unloading 5 unused Assets to reduce memory usage. Loaded Objects now: 1722.
Total: 3.674900 ms (FindLiveObjects: 0.269600 ms CreateObjectMapping: 0.076100 ms MarkObjects: 3.301000 ms  DeleteObjects: 0.025600 ms)

========================================================================
Received Import Request.
  Time since last request: 294.277889 seconds.
  path: Assets/Scenes/Menu.unity
  artifactKey: Guid(2dded1b268b099944919745fd37337f9) Importer(815301076,1909f56bfc062723c751e8b465ee728b)
Start importing Assets/Scenes/Menu.unity using Guid(2dded1b268b099944919745fd37337f9) Importer(815301076,1909f56bfc062723c751e8b465ee728b)  -> (artifact id: '9f2f052a67fc743a74ddaee1dfbdf2bf') in 0.022944 seconds
  Import took 0.034945 seconds .

========================================================================
Received Import Request.
  Time since last request: 54.930023 seconds.
  path: Assets/Scenes/worldScene.unity
  artifactKey: Guid(d17ceddf4512811439aa6bb9e950029e) Importer(815301076,1909f56bfc062723c751e8b465ee728b)
Start importing Assets/Scenes/worldScene.unity using Guid(d17ceddf4512811439aa6bb9e950029e) Importer(815301076,1909f56bfc062723c751e8b465ee728b)  -> (artifact id: 'ab00dd35262a8eb6756209e281171494') in 0.031424 seconds
  Import took 0.045328 seconds .

========================================================================
Received Prepare
Registering precompiled user dll's ...
Registered in 0.000871 seconds.
Begin MonoManager ReloadAssembly
Native extension for WindowsStandalone target not found
Refreshing native plugins compatible for Editor in 0.35 ms, found 0 plugins.
Preloading 0 native plugins for Editor in 0.00 ms.
Invoked RoslynAnalysisRunner static constructor.
RoslynAnalysisRunner will not be running.
RoslynAnalysisRunner has terminated.
Mono: successfully reloaded assembly
- Completed reload, in  1.345 seconds
Platform modules already initialized, skipping
Refreshing native plugins compatible for Editor in 0.34 ms, found 0 plugins.
Preloading 0 native plugins for Editor in 0.00 ms.
Unloading 1247 Unused Serialized files (Serialized files now loaded: 0)
System memory in use before: 62.9 MB.
System memory in use after: 63.0 MB.

Unloading 5 unused Assets to reduce memory usage. Loaded Objects now: 1724.
Total: 2.052100 ms (FindLiveObjects: 0.179700 ms CreateObjectMapping: 0.053500 ms MarkObjects: 1.794300 ms  DeleteObjects: 0.022700 ms)

========================================================================
Received Import Request.
  Time since last request: 104.687963 seconds.
  path: Assets/Scenes/CharapterScene.unity
  artifactKey: Guid(6a5153026dc7d3f4da94b777133673ae) Importer(815301076,1909f56bfc062723c751e8b465ee728b)
Start importing Assets/Scenes/CharapterScene.unity using Guid(6a5153026dc7d3f4da94b777133673ae) Importer(815301076,1909f56bfc062723c751e8b465ee728b)  -> (artifact id: '64cd034ade3e0d19ecbbae44160acdfa') in 0.027147 seconds
  Import took 0.046741 seconds .

========================================================================
Received Prepare
Registering precompiled user dll's ...
Registered in 0.001242 seconds.
Begin MonoManager ReloadAssembly
Native extension for WindowsStandalone target not found
Refreshing native plugins compatible for Editor in 0.47 ms, found 0 plugins.
Preloading 0 native plugins for Editor in 0.00 ms.
Invoked RoslynAnalysisRunner static constructor.
RoslynAnalysisRunner will not be running.
RoslynAnalysisRunner has terminated.
Mono: successfully reloaded assembly
- Completed reload, in  1.370 seconds
Platform modules already initialized, skipping
Refreshing native plugins compatible for Editor in 0.34 ms, found 0 plugins.
Preloading 0 native plugins for Editor in 0.00 ms.
Unloading 1247 Unused Serialized files (Serialized files now loaded: 0)
System memory in use before: 62.9 MB.
System memory in use after: 63.0 MB.

Unloading 5 unused Assets to reduce memory usage. Loaded Objects now: 1726.
Total: 2.767100 ms (FindLiveObjects: 0.159000 ms CreateObjectMapping: 0.053100 ms MarkObjects: 2.526600 ms  DeleteObjects: 0.026100 ms)

========================================================================
Received Prepare
Registering precompiled user dll's ...
Registered in 0.000911 seconds.
Begin MonoManager ReloadAssembly
Native extension for WindowsStandalone target not found
Refreshing native plugins compatible for Editor in 0.53 ms, found 0 plugins.
Preloading 0 native plugins for Editor in 0.00 ms.
Invoked RoslynAnalysisRunner static constructor.
RoslynAnalysisRunner will not be running.
RoslynAnalysisRunner has terminated.
Mono: successfully reloaded assembly
- Completed reload, in  1.248 seconds
Platform modules already initialized, skipping
Refreshing native plugins compatible for Editor in 0.36 ms, found 0 plugins.
Preloading 0 native plugins for Editor in 0.00 ms.
Unloading 1247 Unused Serialized files (Serialized files now loaded: 0)
System memory in use before: 62.9 MB.
System memory in use after: 63.0 MB.

Unloading 5 unused Assets to reduce memory usage. Loaded Objects now: 1728.
Total: 2.002000 ms (FindLiveObjects: 0.168800 ms CreateObjectMapping: 0.052900 ms MarkObjects: 1.757500 ms  DeleteObjects: 0.021200 ms)

========================================================================
Received Prepare
Registering precompiled user dll's ...
Registered in 0.000968 seconds.
Begin MonoManager ReloadAssembly
Native extension for WindowsStandalone target not found
Refreshing native plugins compatible for Editor in 0.35 ms, found 0 plugins.
Preloading 0 native plugins for Editor in 0.00 ms.
Invoked RoslynAnalysisRunner static constructor.
RoslynAnalysisRunner will not be running.
RoslynAnalysisRunner has terminated.
Mono: successfully reloaded assembly
- Completed reload, in  1.256 seconds
Platform modules already initialized, skipping
Refreshing native plugins compatible for Editor in 0.34 ms, found 0 plugins.
Preloading 0 native plugins for Editor in 0.00 ms.
Unloading 1247 Unused Serialized files (Serialized files now loaded: 0)
System memory in use before: 62.9 MB.
System memory in use after: 63.0 MB.

Unloading 5 unused Assets to reduce memory usage. Loaded Objects now: 1730.
Total: 2.578900 ms (FindLiveObjects: 0.203900 ms CreateObjectMapping: 0.079500 ms MarkObjects: 2.263000 ms  DeleteObjects: 0.029700 ms)

========================================================================
Received Prepare
Registering precompiled user dll's ...
Registered in 0.000868 seconds.
Begin MonoManager ReloadAssembly
Native extension for WindowsStandalone target not found
Refreshing native plugins compatible for Editor in 0.36 ms, found 0 plugins.
Preloading 0 native plugins for Editor in 0.00 ms.
Invoked RoslynAnalysisRunner static constructor.
RoslynAnalysisRunner will not be running.
RoslynAnalysisRunner has terminated.
Mono: successfully reloaded assembly
- Completed reload, in  1.316 seconds
Platform modules already initialized, skipping
Refreshing native plugins compatible for Editor in 0.34 ms, found 0 plugins.
Preloading 0 native plugins for Editor in 0.00 ms.
Unloading 1247 Unused Serialized files (Serialized files now loaded: 0)
System memory in use before: 62.9 MB.
System memory in use after: 63.0 MB.

Unloading 5 unused Assets to reduce memory usage. Loaded Objects now: 1732.
Total: 2.673800 ms (FindLiveObjects: 0.163500 ms CreateObjectMapping: 0.054100 ms MarkObjects: 2.426300 ms  DeleteObjects: 0.027500 ms)

========================================================================
Received Import Request.
  Time since last request: 906.648975 seconds.
  path: Assets
  artifactKey: Guid(00000000000000001000000000000000) Importer(815301076,1909f56bfc062723c751e8b465ee728b)
Start importing Assets using Guid(00000000000000001000000000000000) Importer(815301076,1909f56bfc062723c751e8b465ee728b)  -> (artifact id: 'f47cf443bddc682ac2de11ea429897ce') in 0.024484 seconds
  Import took 0.036612 seconds .

========================================================================
Received Import Request.
  Time since last request: 6.089982 seconds.
  path: Assets/Models
  artifactKey: Guid(cc8eb5c685203bc4c9a41b972ad3e170) Importer(815301076,1909f56bfc062723c751e8b465ee728b)
Start importing Assets/Models using Guid(cc8eb5c685203bc4c9a41b972ad3e170) Importer(815301076,1909f56bfc062723c751e8b465ee728b)  -> (artifact id: '85bd1c0ef4ec2e3bc57f1d22351f7c64') in 0.013582 seconds
  Import took 0.024904 seconds .

========================================================================
Received Import Request.
  Time since last request: 11.196988 seconds.
  path: Assets/Models/rigged man.fbx
  artifactKey: Guid(c6b707fa102f0a740b953aaeb76b1d8b) Importer(815301076,1909f56bfc062723c751e8b465ee728b)
Start importing Assets/Models/rigged man.fbx using Guid(c6b707fa102f0a740b953aaeb76b1d8b) Importer(815301076,1909f56bfc062723c751e8b465ee728b)  -> (artifact id: '0ddeb51efb95e6c5e063e2e662e0de5f') in 0.403493 seconds
  Import took 0.426073 seconds .

========================================================================
Received Import Request.
  Time since last request: 20.188680 seconds.
  path: Assets/Prefabs/Player.prefab
  artifactKey: Guid(32c74da2acc315348b9f330fc5bb7ee4) Importer(815301076,1909f56bfc062723c751e8b465ee728b)
Start importing Assets/Prefabs/Player.prefab using Guid(32c74da2acc315348b9f330fc5bb7ee4) Importer(815301076,1909f56bfc062723c751e8b465ee728b)  -> (artifact id: '439d659cab4a73dece8bd1f772668589') in 0.086343 seconds
  Import took 0.090507 seconds .

========================================================================
Received Import Request.
  Time since last request: 8.429753 seconds.
  path: Assets/Prefabs/Player.prefab
  artifactKey: Guid(32c74da2acc315348b9f330fc5bb7ee4) Importer(815301076,1909f56bfc062723c751e8b465ee728b)
Start importing Assets/Prefabs/Player.prefab using Guid(32c74da2acc315348b9f330fc5bb7ee4) Importer(815301076,1909f56bfc062723c751e8b465ee728b)  -> (artifact id: '0e078a67d0dccf7f24b45e8d92cdb46f') in 0.020164 seconds
  Import took 0.024282 seconds .

========================================================================
Received Import Request.
  Time since last request: 0.003875 seconds.
  path: Assets/Prefabs/Player.prefab
  artifactKey: Guid(32c74da2acc315348b9f330fc5bb7ee4) Importer(815301076,1909f56bfc062723c751e8b465ee728b)
Start importing Assets/Prefabs/Player.prefab using Guid(32c74da2acc315348b9f330fc5bb7ee4) Importer(815301076,1909f56bfc062723c751e8b465ee728b)  -> (artifact id: '0e078a67d0dccf7f24b45e8d92cdb46f') in 0.018737 seconds
  Import took 0.023273 seconds .

========================================================================
Received Import Request.
  Time since last request: 53.052593 seconds.
  path: Assets/Models/rigged man.fbx
  artifactKey: Guid(c6b707fa102f0a740b953aaeb76b1d8b) Importer(815301076,1909f56bfc062723c751e8b465ee728b)
Start importing Assets/Models/rigged man.fbx using Guid(c6b707fa102f0a740b953aaeb76b1d8b) Importer(815301076,1909f56bfc062723c751e8b465ee728b)  -> (artifact id: 'f0dfdd55f357d36223060f3905870d62') in 0.059882 seconds
  Import took 0.069559 seconds .

========================================================================
Received Import Request.
  Time since last request: 11.358968 seconds.
  path: Assets/Models/rigged man.fbx
  artifactKey: Guid(c6b707fa102f0a740b953aaeb76b1d8b) Importer(815301076,1909f56bfc062723c751e8b465ee728b)
Start importing Assets/Models/rigged man.fbx using Guid(c6b707fa102f0a740b953aaeb76b1d8b) Importer(815301076,1909f56bfc062723c751e8b465ee728b)  -> (artifact id: '1f447aa96049af823357b70a686858d3') in 0.059479 seconds
  Import took 0.064958 seconds .

========================================================================
Received Import Request.
  Time since last request: 143.850578 seconds.
  path: Assets/Prefabs/Player.prefab
  artifactKey: Guid(32c74da2acc315348b9f330fc5bb7ee4) Importer(815301076,1909f56bfc062723c751e8b465ee728b)
Start importing Assets/Prefabs/Player.prefab using Guid(32c74da2acc315348b9f330fc5bb7ee4) Importer(815301076,1909f56bfc062723c751e8b465ee728b)  -> (artifact id: '27848eeb126e3d8799066d8bcd134418') in 0.036168 seconds
  Import took 0.056975 seconds .

========================================================================
Received Prepare
Registering precompiled user dll's ...
Registered in 0.000942 seconds.
Begin MonoManager ReloadAssembly
Native extension for WindowsStandalone target not found
Refreshing native plugins compatible for Editor in 0.46 ms, found 0 plugins.
Preloading 0 native plugins for Editor in 0.00 ms.
Invoked RoslynAnalysisRunner static constructor.
RoslynAnalysisRunner will not be running.
RoslynAnalysisRunner has terminated.
Mono: successfully reloaded assembly
- Completed reload, in  1.650 seconds
Platform modules already initialized, skipping
Refreshing native plugins compatible for Editor in 0.34 ms, found 0 plugins.
Preloading 0 native plugins for Editor in 0.00 ms.
Unloading 1247 Unused Serialized files (Serialized files now loaded: 0)
System memory in use before: 80.5 MB.
System memory in use after: 80.6 MB.

Unloading 5 unused Assets to reduce memory usage. Loaded Objects now: 1779.
Total: 2.124500 ms (FindLiveObjects: 0.166300 ms CreateObjectMapping: 0.055500 ms MarkObjects: 1.880100 ms  DeleteObjects: 0.020700 ms)

========================================================================
Received Prepare
Registering precompiled user dll's ...
Registered in 0.001298 seconds.
Begin MonoManager ReloadAssembly
Native extension for WindowsStandalone target not found
Refreshing native plugins compatible for Editor in 0.39 ms, found 0 plugins.
Preloading 0 native plugins for Editor in 0.00 ms.
Invoked RoslynAnalysisRunner static constructor.
RoslynAnalysisRunner will not be running.
RoslynAnalysisRunner has terminated.
Mono: successfully reloaded assembly
- Completed reload, in  1.224 seconds
Platform modules already initialized, skipping
Refreshing native plugins compatible for Editor in 0.35 ms, found 0 plugins.
Preloading 0 native plugins for Editor in 0.00 ms.
Unloading 1247 Unused Serialized files (Serialized files now loaded: 0)
System memory in use before: 80.5 MB.
System memory in use after: 80.6 MB.

Unloading 5 unused Assets to reduce memory usage. Loaded Objects now: 1781.
Total: 2.113300 ms (FindLiveObjects: 0.168600 ms CreateObjectMapping: 0.053800 ms MarkObjects: 1.866900 ms  DeleteObjects: 0.021800 ms)

========================================================================
Received Import Request.
  Time since last request: 268.069869 seconds.
  path: Assets/Prefabs/Player.prefab
  artifactKey: Guid(32c74da2acc315348b9f330fc5bb7ee4) Importer(815301076,1909f56bfc062723c751e8b465ee728b)
Start importing Assets/Prefabs/Player.prefab using Guid(32c74da2acc315348b9f330fc5bb7ee4) Importer(815301076,1909f56bfc062723c751e8b465ee728b)  -> (artifact id: '7aea53b80d9977091329be4ab3d6522c') in 0.149375 seconds
  Import took 0.154389 seconds .

========================================================================
Received Import Request.
  Time since last request: 0.015704 seconds.
  path: Assets/Prefabs/Player.prefab
  artifactKey: Guid(32c74da2acc315348b9f330fc5bb7ee4) Importer(815301076,1909f56bfc062723c751e8b465ee728b)
Start importing Assets/Prefabs/Player.prefab using Guid(32c74da2acc315348b9f330fc5bb7ee4) Importer(815301076,1909f56bfc062723c751e8b465ee728b)  -> (artifact id: '7aea53b80d9977091329be4ab3d6522c') in 0.023614 seconds
  Import took 0.027500 seconds .

========================================================================
Received Import Request.
  Time since last request: 19.169901 seconds.
  path: Assets/Images/Настройки.png
  artifactKey: Guid(b85ba8ea2990fc446bcc654ee9d6b798) Importer(815301076,1909f56bfc062723c751e8b465ee728b)
Start importing Assets/Images/Настройки.png using Guid(b85ba8ea2990fc446bcc654ee9d6b798) Importer(815301076,1909f56bfc062723c751e8b465ee728b)  -> (artifact id: '034465eb5fb65cba4d75453ad435317f') in 0.051180 seconds
  Import took 0.054698 seconds .

========================================================================
Received Import Request.
  Time since last request: 0.029512 seconds.
  path: Assets/Images/Настройки.png
  artifactKey: Guid(b85ba8ea2990fc446bcc654ee9d6b798) Importer(815301076,1909f56bfc062723c751e8b465ee728b)
Start importing Assets/Images/Настройки.png using Guid(b85ba8ea2990fc446bcc654ee9d6b798) Importer(815301076,1909f56bfc062723c751e8b465ee728b)  -> (artifact id: '034465eb5fb65cba4d75453ad435317f') in 0.014210 seconds
  Import took 0.018044 seconds .

========================================================================
Received Import Request.
  Time since last request: 49.913928 seconds.
  path: Assets/Scenes/CharapterScene.unity
  artifactKey: Guid(6a5153026dc7d3f4da94b777133673ae) Importer(815301076,1909f56bfc062723c751e8b465ee728b)
Start importing Assets/Scenes/CharapterScene.unity using Guid(6a5153026dc7d3f4da94b777133673ae) Importer(815301076,1909f56bfc062723c751e8b465ee728b)  -> (artifact id: 'f8dc14d1f13c126d73ed33710329cbaf') in 0.015506 seconds
  Import took 0.035760 seconds .

========================================================================
Received Prepare
Registering precompiled user dll's ...
Registered in 0.001824 seconds.
Begin MonoManager ReloadAssembly
Native extension for WindowsStandalone target not found
Refreshing native plugins compatible for Editor in 0.48 ms, found 0 plugins.
Preloading 0 native plugins for Editor in 0.00 ms.
Invoked RoslynAnalysisRunner static constructor.
RoslynAnalysisRunner will not be running.
RoslynAnalysisRunner has terminated.
Mono: successfully reloaded assembly
- Completed reload, in  1.321 seconds
Platform modules already initialized, skipping
Refreshing native plugins compatible for Editor in 0.34 ms, found 0 plugins.
Preloading 0 native plugins for Editor in 0.00 ms.
Unloading 1247 Unused Serialized files (Serialized files now loaded: 0)
System memory in use before: 80.6 MB.
System memory in use after: 80.7 MB.

Unloading 5 unused Assets to reduce memory usage. Loaded Objects now: 1785.
Total: 2.393800 ms (FindLiveObjects: 0.166600 ms CreateObjectMapping: 0.053500 ms MarkObjects: 2.142100 ms  DeleteObjects: 0.029200 ms)

========================================================================
Received Prepare
Registering precompiled user dll's ...
Registered in 0.005281 seconds.
Begin MonoManager ReloadAssembly
Native extension for WindowsStandalone target not found
Refreshing native plugins compatible for Editor in 0.48 ms, found 0 plugins.
Preloading 0 native plugins for Editor in 0.00 ms.
Invoked RoslynAnalysisRunner static constructor.
RoslynAnalysisRunner will not be running.
RoslynAnalysisRunner has terminated.
Mono: successfully reloaded assembly
- Completed reload, in 10.517 seconds
Platform modules already initialized, skipping
Refreshing native plugins compatible for Editor in 0.45 ms, found 0 plugins.
Preloading 0 native plugins for Editor in 0.00 ms.
Unloading 1247 Unused Serialized files (Serialized files now loaded: 0)
System memory in use before: 80.6 MB.
System memory in use after: 80.7 MB.

Unloading 5 unused Assets to reduce memory usage. Loaded Objects now: 1787.
Total: 3.569000 ms (FindLiveObjects: 0.280300 ms CreateObjectMapping: 0.072900 ms MarkObjects: 3.184800 ms  DeleteObjects: 0.028500 ms)

========================================================================
Received Import Request.
  Time since last request: 103.000048 seconds.
  path: Assets/Scripts/PlayerMotor.cs
  artifactKey: Guid(0cf7a95b84f593642a78ae8b6837c209) Importer(815301076,1909f56bfc062723c751e8b465ee728b)
Start importing Assets/Scripts/PlayerMotor.cs using Guid(0cf7a95b84f593642a78ae8b6837c209) Importer(815301076,1909f56bfc062723c751e8b465ee728b)  -> (artifact id: '0f307cb952d616f5b82486f64ef0b052') in 0.015478 seconds
  Import took 0.162773 seconds .

========================================================================
Received Prepare
Registering precompiled user dll's ...
Registered in 0.001366 seconds.
Begin MonoManager ReloadAssembly
Native extension for WindowsStandalone target not found
Refreshing native plugins compatible for Editor in 0.41 ms, found 0 plugins.
Preloading 0 native plugins for Editor in 0.00 ms.
Invoked RoslynAnalysisRunner static constructor.
RoslynAnalysisRunner will not be running.
RoslynAnalysisRunner has terminated.
Mono: successfully reloaded assembly
- Completed reload, in  1.946 seconds
Platform modules already initialized, skipping
Refreshing native plugins compatible for Editor in 0.35 ms, found 0 plugins.
Preloading 0 native plugins for Editor in 0.00 ms.
Unloading 1247 Unused Serialized files (Serialized files now loaded: 0)
System memory in use before: 80.6 MB.
System memory in use after: 80.7 MB.

Unloading 5 unused Assets to reduce memory usage. Loaded Objects now: 1789.
Total: 2.247800 ms (FindLiveObjects: 0.172700 ms CreateObjectMapping: 0.053500 ms MarkObjects: 1.993100 ms  DeleteObjects: 0.026200 ms)

========================================================================
Received Import Request.
  Time since last request: 277.766548 seconds.
  path: Assets/Scripts/PlayerMotor.cs
  artifactKey: Guid(0cf7a95b84f593642a78ae8b6837c209) Importer(815301076,1909f56bfc062723c751e8b465ee728b)
Start importing Assets/Scripts/PlayerMotor.cs using Guid(0cf7a95b84f593642a78ae8b6837c209) Importer(815301076,1909f56bfc062723c751e8b465ee728b)  -> (artifact id: '97adba0c5a207f4e1079dd2266bdc9b2') in 0.011084 seconds
  Import took 0.037617 seconds .

========================================================================
Received Prepare
Registering precompiled user dll's ...
Registered in 0.001114 seconds.
Begin MonoManager ReloadAssembly
Native extension for WindowsStandalone target not found
Refreshing native plugins compatible for Editor in 0.36 ms, found 0 plugins.
Preloading 0 native plugins for Editor in 0.00 ms.
Invoked RoslynAnalysisRunner static constructor.
RoslynAnalysisRunner will not be running.
RoslynAnalysisRunner has terminated.
Mono: successfully reloaded assembly
- Completed reload, in  1.407 seconds
Platform modules already initialized, skipping
Refreshing native plugins compatible for Editor in 0.36 ms, found 0 plugins.
Preloading 0 native plugins for Editor in 0.00 ms.
Unloading 1247 Unused Serialized files (Serialized files now loaded: 0)
System memory in use before: 80.6 MB.
System memory in use after: 80.7 MB.

Unloading 5 unused Assets to reduce memory usage. Loaded Objects now: 1791.
Total: 3.467000 ms (FindLiveObjects: 0.280600 ms CreateObjectMapping: 0.071400 ms MarkObjects: 3.081600 ms  DeleteObjects: 0.030600 ms)

========================================================================
Received Import Request.
  Time since last request: 33.497361 seconds.
  path: Assets/Scripts/PlayerMotor.cs
  artifactKey: Guid(0cf7a95b84f593642a78ae8b6837c209) Importer(815301076,1909f56bfc062723c751e8b465ee728b)
Start importing Assets/Scripts/PlayerMotor.cs using Guid(0cf7a95b84f593642a78ae8b6837c209) Importer(815301076,1909f56bfc062723c751e8b465ee728b)  -> (artifact id: '3af25518fb6ce6046f5b97585b26dbdc') in 0.008612 seconds
  Import took 0.012651 seconds .

========================================================================
Received Prepare
Registering precompiled user dll's ...
Registered in 0.000950 seconds.
Begin MonoManager ReloadAssembly
Native extension for WindowsStandalone target not found
Refreshing native plugins compatible for Editor in 0.34 ms, found 0 plugins.
Preloading 0 native plugins for Editor in 0.00 ms.
Invoked RoslynAnalysisRunner static constructor.
RoslynAnalysisRunner will not be running.
RoslynAnalysisRunner has terminated.
Mono: successfully reloaded assembly
- Completed reload, in  1.549 seconds
Platform modules already initialized, skipping
Refreshing native plugins compatible for Editor in 0.40 ms, found 0 plugins.
Preloading 0 native plugins for Editor in 0.00 ms.
Unloading 1247 Unused Serialized files (Serialized files now loaded: 0)
System memory in use before: 80.6 MB.
System memory in use after: 80.7 MB.

Unloading 5 unused Assets to reduce memory usage. Loaded Objects now: 1793.
Total: 2.405000 ms (FindLiveObjects: 0.167000 ms CreateObjectMapping: 0.053300 ms MarkObjects: 2.156800 ms  DeleteObjects: 0.025800 ms)

========================================================================
Received Prepare
Registering precompiled user dll's ...
Registered in 0.001193 seconds.
Begin MonoManager ReloadAssembly
Native extension for WindowsStandalone target not found
Refreshing native plugins compatible for Editor in 0.35 ms, found 0 plugins.
Preloading 0 native plugins for Editor in 0.00 ms.
Invoked RoslynAnalysisRunner static constructor.
RoslynAnalysisRunner will not be running.
RoslynAnalysisRunner has terminated.
Mono: successfully reloaded assembly
- Completed reload, in  1.374 seconds
Platform modules already initialized, skipping
Refreshing native plugins compatible for Editor in 0.42 ms, found 0 plugins.
Preloading 0 native plugins for Editor in 0.00 ms.
Unloading 1247 Unused Serialized files (Serialized files now loaded: 0)
System memory in use before: 80.6 MB.
System memory in use after: 80.7 MB.

Unloading 5 unused Assets to reduce memory usage. Loaded Objects now: 1795.
Total: 3.288400 ms (FindLiveObjects: 0.275300 ms CreateObjectMapping: 0.071400 ms MarkObjects: 2.915600 ms  DeleteObjects: 0.024100 ms)

========================================================================
Received Prepare
Registering precompiled user dll's ...
Registered in 0.003360 seconds.
Begin MonoManager ReloadAssembly
Native extension for WindowsStandalone target not found
Refreshing native plugins compatible for Editor in 0.34 ms, found 0 plugins.
Preloading 0 native plugins for Editor in 0.00 ms.
Invoked RoslynAnalysisRunner static constructor.
RoslynAnalysisRunner will not be running.
RoslynAnalysisRunner has terminated.
Mono: successfully reloaded assembly
- Completed reload, in  1.421 seconds
Platform modules already initialized, skipping
Refreshing native plugins compatible for Editor in 0.35 ms, found 0 plugins.
Preloading 0 native plugins for Editor in 0.00 ms.
Unloading 1247 Unused Serialized files (Serialized files now loaded: 0)
System memory in use before: 80.6 MB.
System memory in use after: 80.7 MB.

Unloading 5 unused Assets to reduce memory usage. Loaded Objects now: 1797.
Total: 2.838500 ms (FindLiveObjects: 0.168900 ms CreateObjectMapping: 0.055100 ms MarkObjects: 2.584000 ms  DeleteObjects: 0.028400 ms)

========================================================================
Received Import Request.
  Time since last request: 82.344262 seconds.
  path: Assets/Scripts/PlayerMotor.cs
  artifactKey: Guid(0cf7a95b84f593642a78ae8b6837c209) Importer(815301076,1909f56bfc062723c751e8b465ee728b)
Start importing Assets/Scripts/PlayerMotor.cs using Guid(0cf7a95b84f593642a78ae8b6837c209) Importer(815301076,1909f56bfc062723c751e8b465ee728b)  -> (artifact id: 'eec52ce61fdf817b2d2963372260f54d') in 0.010553 seconds
  Import took 0.034813 seconds .

========================================================================
Received Prepare
Registering precompiled user dll's ...
Registered in 0.000889 seconds.
Begin MonoManager ReloadAssembly
Native extension for WindowsStandalone target not found
Refreshing native plugins compatible for Editor in 0.36 ms, found 0 plugins.
Preloading 0 native plugins for Editor in 0.00 ms.
Invoked RoslynAnalysisRunner static constructor.
RoslynAnalysisRunner will not be running.
RoslynAnalysisRunner has terminated.
Mono: successfully reloaded assembly
- Completed reload, in  1.424 seconds
Platform modules already initialized, skipping
Refreshing native plugins compatible for Editor in 0.34 ms, found 0 plugins.
Preloading 0 native plugins for Editor in 0.00 ms.
Unloading 1247 Unused Serialized files (Serialized files now loaded: 0)
System memory in use before: 80.6 MB.
System memory in use after: 80.7 MB.

Unloading 5 unused Assets to reduce memory usage. Loaded Objects now: 1799.
Total: 3.287600 ms (FindLiveObjects: 0.263900 ms CreateObjectMapping: 0.070100 ms MarkObjects: 2.923600 ms  DeleteObjects: 0.027500 ms)

========================================================================
Received Prepare
Registering precompiled user dll's ...
Registered in 0.000979 seconds.
Begin MonoManager ReloadAssembly
Native extension for WindowsStandalone target not found
Refreshing native plugins compatible for Editor in 0.45 ms, found 0 plugins.
Preloading 0 native plugins for Editor in 0.00 ms.
Invoked RoslynAnalysisRunner static constructor.
RoslynAnalysisRunner will not be running.
RoslynAnalysisRunner has terminated.
Mono: successfully reloaded assembly
- Completed reload, in  1.597 seconds
Platform modules already initialized, skipping
Refreshing native plugins compatible for Editor in 0.35 ms, found 0 plugins.
Preloading 0 native plugins for Editor in 0.00 ms.
Unloading 1247 Unused Serialized files (Serialized files now loaded: 0)
System memory in use before: 80.6 MB.
System memory in use after: 80.7 MB.

Unloading 5 unused Assets to reduce memory usage. Loaded Objects now: 1801.
Total: 3.614000 ms (FindLiveObjects: 0.262500 ms CreateObjectMapping: 0.066800 ms MarkObjects: 3.252700 ms  DeleteObjects: 0.029600 ms)

========================================================================
Received Prepare
Registering precompiled user dll's ...
Registered in 0.000885 seconds.
Begin MonoManager ReloadAssembly
Native extension for WindowsStandalone target not found
Refreshing native plugins compatible for Editor in 0.48 ms, found 0 plugins.
Preloading 0 native plugins for Editor in 0.00 ms.
Invoked RoslynAnalysisRunner static constructor.
RoslynAnalysisRunner will not be running.
RoslynAnalysisRunner has terminated.
Mono: successfully reloaded assembly
- Completed reload, in  1.678 seconds
Platform modules already initialized, skipping
Refreshing native plugins compatible for Editor in 0.40 ms, found 0 plugins.
Preloading 0 native plugins for Editor in 0.00 ms.
Unloading 1247 Unused Serialized files (Serialized files now loaded: 0)
System memory in use before: 80.6 MB.
System memory in use after: 80.7 MB.

Unloading 5 unused Assets to reduce memory usage. Loaded Objects now: 1803.
Total: 3.005600 ms (FindLiveObjects: 0.598500 ms CreateObjectMapping: 0.222100 ms MarkObjects: 2.154200 ms  DeleteObjects: 0.028500 ms)

AssetImportWorkerClient::OnTransportError - code=2 error=End of file
